<?xml version="1.0" encoding="UTF-8"?>
<!-- Generated by org.testng.reporters.JUnitReportReporter -->
<testsuite hostname="DESKTOP-Q934L8H" failures="0" tests="1" name="base.Drag_Drop" time="0.000" errors="0" timestamp="2022-03-02T15:49:59 BDT" skipped="1">
  <testcase classname="base.Drag_Drop" name="drag_Drop" time="0.000">
    <skipped/>
  </testcase> <!-- drag_Drop -->
  <system-out/>
</testsuite> <!-- base.Drag_Drop -->
