<?xml version="1.0" encoding="UTF-8"?>
<!-- Generated by org.testng.reporters.JUnitReportReporter -->
<testsuite hostname="DESKTOP-Q934L8H" failures="0" tests="1" name="testCases.HybridApp_TestCase_001" time="12.547" errors="0" timestamp="2022-03-02T16:17:07 BDT" skipped="0">
  <testcase classname="testCases.HybridApp_TestCase_001" name="HybridTest" time="12.547"/>
  <system-out/>
</testsuite> <!-- testCases.HybridApp_TestCase_001 -->
